{"C:\\Users\\User\\OneDrive\\Рабочий стол\\Test.Two.home\\src\\hero.js": {"path":"C:\\Users\\User\\OneDrive\\Рабочий стол\\Test.Two.home\\src\\hero.js","statementMap":{"0":{"start":{"line":1,"column":0},"end":{"line":5,"column":1}},"1":{"start":{"line":7,"column":4},"end":{"line":7,"column":54}},"2":{"start":{"line":7,"column":33},"end":{"line":7,"column":52}}},"fnMap":{"0":{"name":"sortHeroes","decl":{"start":{"line":6,"column":16},"end":{"line":6,"column":26}},"loc":{"start":{"line":6,"column":35},"end":{"line":8,"column":3}},"line":6},"1":{"name":"(anonymous_1)","decl":{"start":{"line":7,"column":23},"end":{"line":7,"column":24}},"loc":{"start":{"line":7,"column":33},"end":{"line":7,"column":52}},"line":7}},"branchMap":{},"s":{"0":1,"1":2,"2":4},"f":{"0":2,"1":4},"b":{},"_coverageSchema":"1a1c01bbd47fc00a2c39e90264f33305004495a9","hash":"d8e8e6d8a7fd72b1f4aa3f0900f31ab3f9284d03"}
}
